{"/Users/donnie/src/github.com/floodfx/liveviewjs/src/server/actors/component_machine.ts": {"path":"/Users/donnie/src/github.com/floodfx/liveviewjs/src/server/actors/component_machine.ts","statementMap":{"0":{"start":{"line":1,"column":0},"end":{"line":1,"column":47}},"1":{"start":{"line":5,"column":0},"end":{"line":5,"column":null}},"2":{"start":{"line":6,"column":2},"end":{"line":6,"column":null}},"3":{"start":{"line":7,"column":2},"end":{"line":7,"column":null}},"4":{"start":{"line":17,"column":46},"end":{"line":140,"column":1}},"5":{"start":{"line":18,"column":2},"end":{"line":139,"column":null}},"6":{"start":{"line":83,"column":8},"end":{"line":83,"column":45}},"7":{"start":{"line":84,"column":32},"end":{"line":84,"column":114}},"8":{"start":{"line":85,"column":8},"end":{"line":88,"column":10}},"9":{"start":{"line":91,"column":8},"end":{"line":91,"column":49}},"10":{"start":{"line":93,"column":30},"end":{"line":93,"column":53}},"11":{"start":{"line":94,"column":8},"end":{"line":98,"column":null}},"12":{"start":{"line":96,"column":25},"end":{"line":96,"column":114}},"13":{"start":{"line":97,"column":10},"end":{"line":97,"column":62}},"14":{"start":{"line":99,"column":8},"end":{"line":102,"column":null}},"15":{"start":{"line":105,"column":8},"end":{"line":105,"column":43}},"16":{"start":{"line":106,"column":8},"end":{"line":106,"column":67}},"17":{"start":{"line":108,"column":8},"end":{"line":110,"column":10}},"18":{"start":{"line":115,"column":8},"end":{"line":115,"column":20}},"19":{"start":{"line":118,"column":8},"end":{"line":118,"column":21}},"20":{"start":{"line":121,"column":8},"end":{"line":121,"column":20}},"21":{"start":{"line":124,"column":8},"end":{"line":124,"column":21}},"22":{"start":{"line":127,"column":8},"end":{"line":127,"column":20}},"23":{"start":{"line":130,"column":8},"end":{"line":130,"column":21}},"24":{"start":{"line":133,"column":8},"end":{"line":133,"column":56}},"25":{"start":{"line":136,"column":8},"end":{"line":136,"column":61}},"26":{"start":{"line":17,"column":13},"end":{"line":17,"column":46}}},"fnMap":{"0":{"name":"(anonymous_0)","decl":{"start":{"line":5,"column":0},"end":{"line":5,"column":12}},"loc":{"start":{"line":5,"column":23},"end":{"line":8,"column":1}}},"1":{"name":"(anonymous_1)","decl":{"start":{"line":17,"column":46},"end":{"line":17,"column":47}},"loc":{"start":{"line":17,"column":79},"end":{"line":140,"column":1}}},"2":{"name":"(anonymous_2)","decl":{"start":{"line":82,"column":29},"end":{"line":82,"column":30}},"loc":{"start":{"line":82,"column":48},"end":{"line":89,"column":7}}},"3":{"name":"(anonymous_3)","decl":{"start":{"line":90,"column":31},"end":{"line":90,"column":32}},"loc":{"start":{"line":90,"column":50},"end":{"line":103,"column":7}}},"4":{"name":"(anonymous_4)","decl":{"start":{"line":104,"column":25},"end":{"line":104,"column":26}},"loc":{"start":{"line":104,"column":44},"end":{"line":111,"column":7}}},"5":{"name":"(anonymous_5)","decl":{"start":{"line":114,"column":23},"end":{"line":114,"column":24}},"loc":{"start":{"line":114,"column":42},"end":{"line":116,"column":7}}},"6":{"name":"(anonymous_6)","decl":{"start":{"line":117,"column":20},"end":{"line":117,"column":21}},"loc":{"start":{"line":117,"column":39},"end":{"line":119,"column":7}}},"7":{"name":"(anonymous_7)","decl":{"start":{"line":120,"column":30},"end":{"line":120,"column":31}},"loc":{"start":{"line":120,"column":49},"end":{"line":122,"column":7}}},"8":{"name":"(anonymous_8)","decl":{"start":{"line":123,"column":27},"end":{"line":123,"column":28}},"loc":{"start":{"line":123,"column":46},"end":{"line":125,"column":7}}},"9":{"name":"(anonymous_9)","decl":{"start":{"line":126,"column":24},"end":{"line":126,"column":25}},"loc":{"start":{"line":126,"column":43},"end":{"line":128,"column":7}}},"10":{"name":"(anonymous_10)","decl":{"start":{"line":129,"column":21},"end":{"line":129,"column":22}},"loc":{"start":{"line":129,"column":40},"end":{"line":131,"column":7}}},"11":{"name":"(anonymous_11)","decl":{"start":{"line":132,"column":25},"end":{"line":132,"column":26}},"loc":{"start":{"line":132,"column":44},"end":{"line":134,"column":7}}},"12":{"name":"(anonymous_12)","decl":{"start":{"line":135,"column":30},"end":{"line":135,"column":31}},"loc":{"start":{"line":135,"column":49},"end":{"line":137,"column":7}}}},"branchMap":{"0":{"loc":{"start":{"line":5,"column":12},"end":{"line":5,"column":null}},"type":"binary-expr","locations":[{"start":{"line":5,"column":12},"end":{"line":5,"column":23}},{"start":{"line":5,"column":12},"end":{"line":5,"column":null}}]},"1":{"loc":{"start":{"line":94,"column":8},"end":{"line":98,"column":null}},"type":"if","locations":[{"start":{"line":94,"column":8},"end":{"line":98,"column":null}}]}},"s":{"0":1,"1":1,"2":1,"3":1,"4":1,"5":1,"6":1,"7":1,"8":1,"9":1,"10":1,"11":1,"12":0,"13":0,"14":1,"15":1,"16":1,"17":1,"18":1,"19":0,"20":1,"21":0,"22":1,"23":0,"24":0,"25":1,"26":1},"f":{"0":1,"1":1,"2":1,"3":1,"4":1,"5":1,"6":0,"7":1,"8":0,"9":1,"10":0,"11":0,"12":1},"b":{"0":[1,1],"1":[0]}}
,"/Users/donnie/src/github.com/floodfx/liveviewjs/src/server/templates/index.ts": {"path":"/Users/donnie/src/github.com/floodfx/liveviewjs/src/server/templates/index.ts","statementMap":{"0":{"start":{"line":8,"column":4},"end":{"line":17,"column":null}},"1":{"start":{"line":19,"column":16},"end":{"line":19,"column":56}},"2":{"start":{"line":21,"column":18},"end":{"line":21,"column":66}},"3":{"start":{"line":24,"column":2},"end":{"line":26,"column":null}},"4":{"start":{"line":25,"column":4},"end":{"line":25,"column":null}},"5":{"start":{"line":27,"column":2},"end":{"line":29,"column":null}},"6":{"start":{"line":28,"column":4},"end":{"line":28,"column":null}},"7":{"start":{"line":31,"column":2},"end":{"line":31,"column":null}},"8":{"start":{"line":23,"column":0},"end":{"line":23,"column":16}},"9":{"start":{"line":35,"column":2},"end":{"line":37,"column":null}},"10":{"start":{"line":36,"column":4},"end":{"line":36,"column":null}},"11":{"start":{"line":38,"column":2},"end":{"line":40,"column":null}},"12":{"start":{"line":39,"column":4},"end":{"line":39,"column":null}},"13":{"start":{"line":41,"column":2},"end":{"line":41,"column":null}},"14":{"start":{"line":41,"column":53},"end":{"line":41,"column":67}},"15":{"start":{"line":50,"column":4},"end":{"line":50,"column":null}},"16":{"start":{"line":51,"column":4},"end":{"line":51,"column":null}},"17":{"start":{"line":56,"column":4},"end":{"line":60,"column":null}},"18":{"start":{"line":57,"column":6},"end":{"line":59,"column":null}},"19":{"start":{"line":62,"column":18},"end":{"line":93,"column":40}},"20":{"start":{"line":63,"column":6},"end":{"line":92,"column":null}},"21":{"start":{"line":64,"column":8},"end":{"line":67,"column":null}},"22":{"start":{"line":68,"column":13},"end":{"line":92,"column":null}},"23":{"start":{"line":70,"column":8},"end":{"line":86,"column":null}},"24":{"start":{"line":71,"column":10},"end":{"line":74,"column":null}},"25":{"start":{"line":78,"column":20},"end":{"line":78,"column":67}},"26":{"start":{"line":78,"column":33},"end":{"line":78,"column":66}},"27":{"start":{"line":81,"column":20},"end":{"line":81,"column":46}},"28":{"start":{"line":81,"column":33},"end":{"line":81,"column":42}},"29":{"start":{"line":82,"column":10},"end":{"line":85,"column":null}},"30":{"start":{"line":88,"column":8},"end":{"line":91,"column":null}},"31":{"start":{"line":95,"column":4},"end":{"line":97,"column":null}},"32":{"start":{"line":96,"column":6},"end":{"line":96,"column":32}},"33":{"start":{"line":98,"column":4},"end":{"line":98,"column":null}},"34":{"start":{"line":102,"column":4},"end":{"line":105,"column":null}},"35":{"start":{"line":103,"column":16},"end":{"line":103,"column":37}},"36":{"start":{"line":104,"column":6},"end":{"line":104,"column":null}},"37":{"start":{"line":44,"column":0},"end":{"line":44,"column":13}},"38":{"start":{"line":111,"column":2},"end":{"line":111,"column":null}},"39":{"start":{"line":110,"column":0},"end":{"line":110,"column":24}}},"fnMap":{"0":{"name":"join","decl":{"start":{"line":23,"column":16},"end":{"line":23,"column":20}},"loc":{"start":{"line":23,"column":91},"end":{"line":32,"column":1}}},"1":{"name":"escapehtml","decl":{"start":{"line":34,"column":9},"end":{"line":34,"column":19}},"loc":{"start":{"line":34,"column":35},"end":{"line":42,"column":1}}},"2":{"name":"(anonymous_2)","decl":{"start":{"line":41,"column":43},"end":{"line":41,"column":44}},"loc":{"start":{"line":41,"column":53},"end":{"line":41,"column":67}}},"3":{"name":"(anonymous_3)","decl":{"start":{"line":49,"column":2},"end":{"line":49,"column":14}},"loc":{"start":{"line":49,"column":70},"end":{"line":52,"column":3}}},"4":{"name":"(anonymous_4)","decl":{"start":{"line":54,"column":2},"end":{"line":54,"column":11}},"loc":{"start":{"line":54,"column":42},"end":{"line":99,"column":3}}},"5":{"name":"(anonymous_5)","decl":{"start":{"line":62,"column":40},"end":{"line":62,"column":41}},"loc":{"start":{"line":62,"column":105},"end":{"line":93,"column":5}}},"6":{"name":"(anonymous_6)","decl":{"start":{"line":78,"column":28},"end":{"line":78,"column":29}},"loc":{"start":{"line":78,"column":33},"end":{"line":78,"column":66}}},"7":{"name":"(anonymous_7)","decl":{"start":{"line":81,"column":28},"end":{"line":81,"column":29}},"loc":{"start":{"line":81,"column":33},"end":{"line":81,"column":42}}},"8":{"name":"(anonymous_8)","decl":{"start":{"line":101,"column":2},"end":{"line":101,"column":10}},"loc":{"start":{"line":101,"column":10},"end":{"line":106,"column":3}}},"9":{"name":"(anonymous_9)","decl":{"start":{"line":102,"column":31},"end":{"line":102,"column":32}},"loc":{"start":{"line":102,"column":48},"end":{"line":105,"column":5}}},"10":{"name":"html","decl":{"start":{"line":110,"column":24},"end":{"line":110,"column":28}},"loc":{"start":{"line":110,"column":82},"end":{"line":112,"column":1}}}},"branchMap":{"0":{"loc":{"start":{"line":24,"column":2},"end":{"line":26,"column":null}},"type":"if","locations":[{"start":{"line":24,"column":2},"end":{"line":26,"column":null}}]},"1":{"loc":{"start":{"line":24,"column":6},"end":{"line":24,"column":51}},"type":"binary-expr","locations":[{"start":{"line":24,"column":6},"end":{"line":24,"column":29}},{"start":{"line":24,"column":33},"end":{"line":24,"column":51}}]},"2":{"loc":{"start":{"line":27,"column":2},"end":{"line":29,"column":null}},"type":"if","locations":[{"start":{"line":27,"column":2},"end":{"line":29,"column":null}}]},"3":{"loc":{"start":{"line":35,"column":2},"end":{"line":37,"column":null}},"type":"if","locations":[{"start":{"line":35,"column":2},"end":{"line":37,"column":null}}]},"4":{"loc":{"start":{"line":38,"column":2},"end":{"line":40,"column":null}},"type":"if","locations":[{"start":{"line":38,"column":2},"end":{"line":40,"column":null}}]},"5":{"loc":{"start":{"line":54,"column":12},"end":{"line":54,"column":42}},"type":"default-arg","locations":[{"start":{"line":54,"column":38},"end":{"line":54,"column":42}}]},"6":{"loc":{"start":{"line":56,"column":4},"end":{"line":60,"column":null}},"type":"if","locations":[{"start":{"line":56,"column":4},"end":{"line":60,"column":null}}]},"7":{"loc":{"start":{"line":63,"column":6},"end":{"line":92,"column":null}},"type":"if","locations":[{"start":{"line":63,"column":6},"end":{"line":92,"column":null}},{"start":{"line":68,"column":13},"end":{"line":92,"column":null}}]},"8":{"loc":{"start":{"line":68,"column":13},"end":{"line":92,"column":null}},"type":"if","locations":[{"start":{"line":68,"column":13},"end":{"line":92,"column":null}},{"start":{"line":87,"column":13},"end":{"line":92,"column":null}}]},"9":{"loc":{"start":{"line":70,"column":8},"end":{"line":86,"column":null}},"type":"if","locations":[{"start":{"line":70,"column":8},"end":{"line":86,"column":null}},{"start":{"line":76,"column":13},"end":{"line":86,"column":null}}]},"10":{"loc":{"start":{"line":95,"column":4},"end":{"line":97,"column":null}},"type":"if","locations":[{"start":{"line":95,"column":4},"end":{"line":97,"column":null}}]}},"s":{"0":1,"1":1,"2":1,"3":0,"4":0,"5":0,"6":0,"7":0,"8":1,"9":0,"10":0,"11":0,"12":0,"13":0,"14":0,"15":1,"16":1,"17":0,"18":0,"19":0,"20":0,"21":0,"22":0,"23":0,"24":0,"25":0,"26":0,"27":0,"28":0,"29":0,"30":0,"31":0,"32":0,"33":0,"34":0,"35":0,"36":0,"37":1,"38":1,"39":1},"f":{"0":0,"1":0,"2":0,"3":1,"4":0,"5":0,"6":0,"7":0,"8":0,"9":0,"10":1},"b":{"0":[0],"1":[0,0],"2":[0],"3":[0],"4":[0],"5":[0],"6":[0],"7":[0,0],"8":[0,0],"9":[0,0],"10":[0]}}
}
