TN:
SF:src/server/actors/component_machine.ts
FN:5,(anonymous_0)
FN:17,(anonymous_1)
FN:88,(anonymous_2)
FN:96,(anonymous_3)
FN:110,(anonymous_4)
FN:120,(anonymous_5)
FN:123,(anonymous_6)
FN:126,(anonymous_7)
FN:129,(anonymous_8)
FN:132,(anonymous_9)
FN:135,(anonymous_10)
FN:138,(anonymous_11)
FN:141,(anonymous_12)
FNF:13
FNH:9
FNDA:1,(anonymous_0)
FNDA:1,(anonymous_1)
FNDA:1,(anonymous_2)
FNDA:1,(anonymous_3)
FNDA:1,(anonymous_4)
FNDA:1,(anonymous_5)
FNDA:0,(anonymous_6)
FNDA:1,(anonymous_7)
FNDA:0,(anonymous_8)
FNDA:1,(anonymous_9)
FNDA:0,(anonymous_10)
FNDA:0,(anonymous_11)
FNDA:1,(anonymous_12)
DA:1,1
DA:5,1
DA:6,1
DA:7,1
DA:17,1
DA:18,1
DA:89,1
DA:90,1
DA:91,1
DA:97,1
DA:99,1
DA:100,1
DA:102,0
DA:103,0
DA:105,1
DA:111,1
DA:112,1
DA:114,1
DA:121,1
DA:124,0
DA:127,1
DA:130,0
DA:133,1
DA:136,0
DA:139,0
DA:142,1
LF:26
LH:20
BRDA:5,0,0,1
BRDA:5,0,1,1
BRDA:100,1,0,0
BRF:3
BRH:2
end_of_record
TN:
SF:src/server/templates/index.ts
FN:23,join
FN:34,escapehtml
FN:41,(anonymous_2)
FN:49,(anonymous_3)
FN:54,(anonymous_4)
FN:62,(anonymous_5)
FN:78,(anonymous_6)
FN:81,(anonymous_7)
FN:101,(anonymous_8)
FN:102,(anonymous_9)
FN:110,html
FNF:11
FNH:2
FNDA:0,join
FNDA:0,escapehtml
FNDA:0,(anonymous_2)
FNDA:1,(anonymous_3)
FNDA:0,(anonymous_4)
FNDA:0,(anonymous_5)
FNDA:0,(anonymous_6)
FNDA:0,(anonymous_7)
FNDA:0,(anonymous_8)
FNDA:0,(anonymous_9)
FNDA:1,html
DA:8,1
DA:19,1
DA:21,1
DA:23,1
DA:24,0
DA:25,0
DA:27,0
DA:28,0
DA:31,0
DA:35,0
DA:36,0
DA:38,0
DA:39,0
DA:41,0
DA:44,1
DA:50,1
DA:51,1
DA:56,0
DA:57,0
DA:62,0
DA:63,0
DA:64,0
DA:68,0
DA:70,0
DA:71,0
DA:78,0
DA:81,0
DA:82,0
DA:88,0
DA:95,0
DA:96,0
DA:98,0
DA:102,0
DA:103,0
DA:104,0
DA:110,1
DA:111,1
LF:37
LH:9
BRDA:24,0,0,0
BRDA:24,1,0,0
BRDA:24,1,1,0
BRDA:27,2,0,0
BRDA:35,3,0,0
BRDA:38,4,0,0
BRDA:54,5,0,0
BRDA:56,6,0,0
BRDA:63,7,0,0
BRDA:63,7,1,0
BRDA:68,8,0,0
BRDA:68,8,1,0
BRDA:70,9,0,0
BRDA:70,9,1,0
BRDA:95,10,0,0
BRF:15
BRH:0
end_of_record
